
CPU AND MEMORY
--------------
*  MACHINE  1  *
Iteration  |  CPU  Avg  |  Deviation  CPU  |  Memory  |  Deviation  Memory  (%)
1  |  67.1459  |  6.02375  |  30.6655  |  1.27268
2  |  57.9722  |  2.83422  |  39.9097  |  0.324964
3  |  70.3597  |  4.78758  |  32.6978  |  0.303781
4  |  55.2604  |  2.06607  |  33.6701  |  0.345687
5  |  56.6667  |  2.7541  |  34.4444  |  0.293315
6  |  54.1384  |  2.52538  |  35.5779  |  0.291901
7  |  58.8576  |  2.2121  |  36.5174  |  0.2945
8  |  55.7924  |  2.25869  |  37.3564  |  0.30888
9  |  59.9653  |  2.39894  |  38.3889  |  0.292327
10  |  54.9688  |  2.32303  |  39.3264  |  0.299478


*  MACHINE  2  *
Iteration  |  CPU  Avg  |  Deviation  CPU  |  Memory  |  Deviation  Memory  (%)
1  |  67.0071  |  6.15575  |  30.4591  |  1.25268
2  |  57.7743  |  2.56789  |  39.7708  |  0.331865
3  |  69.8315  |  4.73236  |  32.681  |  0.347301
4  |  54.8229  |  2.05944  |  33.566  |  0.292775
5  |  56.9097  |  2.84368  |  34.4097  |  0.29115
6  |  53.9965  |  2.43443  |  35.4498  |  0.296348
7  |  58.5347  |  2.24375  |  36.3056  |  0.281229
8  |  55.6481  |  2.14002  |  37.2404  |  0.274356
9  |  59.8646  |  2.1481  |  38.2674  |  0.273882
10  |  55.0556  |  2.55854  |  38.9444  |  0.293315


Overall  |  59.028  |  3.003  |  35.782  |  .398


SETUP TIME
--------------
* MACHINE 1 *
Iteration  |  Time  (ms)
1  |  1590
2  |  1462
3  |  1523
4  |  1514
5  |  1430
6  |  1428
7  |  1431
8  |  1453
9  |  1535


* MACHINE 2 *
Iteration  |  Time  (ms)
1  |  1387
2  |  1484
3  |  1371
4  |  1367
5  |  1468
6  |  1475
7  |  1387
8  |  1390
9  |  1481


Overall  |  1454.222  |  30,0604  (deviation  ms)


RTT
--------------
* MACHINE 1 *
Iteration  |  RTT  Avg  |  Deviation  RTT  (ms)
1  |  15.1264  |  4.37971
2  |  9.28253  |  1.77407
3  |  9.31227  |  1.72338
4  |  9.02974  |  1.64784
5  |  9.40149  |  2.00896
6  |  8.85502  |  1.54648
7  |  9.41636  |  2.30632
8  |  8.4461  |  1.51279
9  |  9.76952  |  1.89052


* MACHINE 2 *
Iteration  |  RTT  Avg  |  Deviation  RTT  (ms)
1  |  14.1413  |  3.42859
2  |  9.41264  |  1.96323
3  |  8.96654  |  1.75304
4  |  9.23048  |  1.7978
5  |  9.43123  |  1.87578
6  |  8.78439  |  1.58158
7  |  9.36803  |  2.05015
8  |  8.83643  |  1.5849
9  |  9.4461  |  1.87343


Overall  |  9.792  |  2.038


BANDWIDTH
----------------------------

*  MACHINE  1  *
Iteration  |  SSRC  |  BW  Avg  |  Deviation  BW  (Kbit/s)
1  |  c3aff6af  |  1859.4  |  249.592
2  |  bb84c17b  |  1952.47  |  215.242
3  |  9c595dbc  |  1975.73  |  222.05
4  |  550f9e25  |  1943  |  239.697
5  |  a6587685  |  1972.76  |  222.727
6  |  5a2dddd4  |  1968.95  |  223.464
7  |  f1e120ba  |  1977.08  |  221.951
8  |  dfb89bff  |  1977.49  |  221.932
9  |  4e5513b5  |  1966.1  |  228.581


*  MACHINE  2  *
Iteration  |  SSRC  |  BW  Avg  |  Deviation  BW  (Kbit/s)
1  |  e037eada  |  1881.48  |  254.063
2  |  4ee2d2e7  |  1946.13  |  238.178
3  |  5bae9939  |  1959.9  |  235.743
4  |  78ff32fb  |  1976.94  |  213.583
5  |  8f5f299c  |  1957.58  |  236.228
6  |  bf65deee  |  1937.16  |  247.546
7  |  d4cab86b  |  1979.03  |  221.864
8  |  18ca40bc  |  1944.16  |  235.37
9  |  178ab8ec  |  1980.74  |  216.226


Overall  |  1953.116  |  230.224
